#
# A fatal error has been detected by the Java Runtime Environment:
#
#  EXCEPTION_ACCESS_VIOLATION (0xc0000005) at pc=0x000000006c4f25fb, pid=10208, tid=9320
#
# JRE version: Java(TM) SE Runtime Environment (7.0_55-b13) (build 1.7.0_55-b13)
# Java VM: Java HotSpot(TM) 64-Bit Server VM (24.55-b03 mixed mode windows-amd64 compressed oops)
# Problematic frame:
# V  [jvm.dll+0x1425fb]
#
# Failed to write core dump. Minidumps are not enabled by default on client versions of Windows
#
# If you would like to submit a bug report, please visit:
#   http://bugreport.sun.com/bugreport/crash.jsp
#

---------------  T H R E A D  ---------------

Current thread (0x00000000190d6800):  JavaThread "JDWP Transport Listener: dt_socket" daemon [_thread_in_vm, id=9320, stack(0x000000001b6d0000,0x000000001b7d0000)]

siginfo: ExceptionCode=0xc0000005, reading address 0xffffffffffffffff

Registers:
RAX=0x000000001b7cf701, RBX=0x00000000190d6800, RCX=0x3b3e2a3c003b7478, RDX=0x0000000000000000
RSP=0x000000001b7cf740, RBP=0x3b3e2a3c003b7478, RSI=0x000000001b7cf858, RDI=0x00000000027ea8a0
R8 =0x00000000190d6800, R9 =0x0000000000008000, R10=0x0000000000000000, R11=0x000000001dcb99ba
R12=0x0000000000000000, R13=0x00000000190ccb58, R14=0x0000000000000000, R15=0x0000000000000000
RIP=0x000000006c4f25fb, EFLAGS=0x0000000000010206

Top of Stack: (sp=0x000000001b7cf740)
0x000000001b7cf740:   00000000190d6800 000000001e7f33d0
0x000000001b7cf750:   000000001b7cf808 000000006c691419
0x000000001b7cf760:   00000000190d6800 000000006c6aefc2
0x000000001b7cf770:   0000000000000000 000000006c348e89
0x000000001b7cf780:   00000000190dd968 000000006c35265a
0x000000001b7cf790:   00000000190d6800 0000000000000000
0x000000001b7cf7a0:   0000000000000000 0000000000000000
0x000000001b7cf7b0:   3b3e2a3c003b7478 000000006c351751
0x000000001b7cf7c0:   000000001b7cf858 000000001b7cf830
0x000000001b7cf7d0:   0000000000000001 00000000190dd968
0x000000001b7cf7e0:   3b3e2a3c003b7478 000000006c3353b3
0x000000001b7cf7f0:   000000001b7cf920 0000000000000001
0x000000001b7cf800:   0000000000000001 00000000190dd968
0x000000001b7cf810:   0000000000000009 0000000000000000
0x000000001b7cf820:   0000000000000000 0000000000000000
0x000000001b7cf830:   0000000000000001 000000006c335571 

Instructions: (pc=0x000000006c4f25fb)
0x000000006c4f25db:   48 8b 5c 24 30 48 89 47 18 48 83 c4 20 5f c3 cc
0x000000006c4f25eb:   cc cc cc cc cc 40 53 48 83 ec 20 48 85 c9 74 54
0x000000006c4f25fb:   48 8b 19 48 85 db 74 4c 48 b8 fe fe fe fe fe fe
0x000000006c4f260b:   fe fe 48 3b d8 74 3d 80 3d 1f 86 60 00 00 74 15 


Register to memory mapping:

RAX=0x000000001b7cf701 is pointing into the stack for thread: 0x00000000190d6800
RBX=0x00000000190d6800 is a thread
RCX=0x3b3e2a3c003b7478 is an unknown value
RDX=0x0000000000000000 is an unknown value
RSP=0x000000001b7cf740 is pointing into the stack for thread: 0x00000000190d6800
RBP=0x3b3e2a3c003b7478 is an unknown value
RSI=0x000000001b7cf858 is pointing into the stack for thread: 0x00000000190d6800
RDI=0x00000000027ea8a0 is an unknown value
R8 =0x00000000190d6800 is a thread
R9 =0x0000000000008000 is an unknown value
R10=0x0000000000000000 is an unknown value
R11=0x000000001dcb99ba is an unknown value
R12=0x0000000000000000 is an unknown value
R13=0x00000000190ccb58 is an unknown value
R14=0x0000000000000000 is an unknown value
R15=0x0000000000000000 is an unknown value


Stack: [0x000000001b6d0000,0x000000001b7d0000],  sp=0x000000001b7cf740,  free space=1021k
Native frames: (J=compiled Java code, j=interpreted, Vv=VM code, C=native code)
V  [jvm.dll+0x1425fb]

[error occurred during error reporting (printing native stack), id 0xc0000005]


---------------  P R O C E S S  ---------------

Java Threads: ( => current thread )
  0x000000001b111800 JavaThread "Service Thread" daemon [_thread_blocked, id=4884, stack(0x000000001bed0000,0x000000001bfd0000)]
  0x000000001b10d800 JavaThread "C2 CompilerThread1" daemon [_thread_blocked, id=2716, stack(0x000000001bdd0000,0x000000001bed0000)]
  0x000000001b10b000 JavaThread "C2 CompilerThread0" daemon [_thread_blocked, id=7692, stack(0x000000001bcd0000,0x000000001bdd0000)]
  0x000000001b0f8800 JavaThread "JDWP Command Reader" daemon [_thread_in_native, id=3212, stack(0x000000001bbd0000,0x000000001bcd0000)]
  0x000000001b0f7800 JavaThread "JDWP Event Helper Thread" daemon [_thread_blocked, id=10140, stack(0x000000001bad0000,0x000000001bbd0000)]
=>0x00000000190d6800 JavaThread "JDWP Transport Listener: dt_socket" daemon [_thread_in_vm, id=9320, stack(0x000000001b6d0000,0x000000001b7d0000)]
  0x00000000190cf800 JavaThread "Attach Listener" daemon [_thread_blocked, id=3556, stack(0x000000001b5d0000,0x000000001b6d0000)]
  0x000000001b0f0800 JavaThread "Signal Dispatcher" daemon [_thread_blocked, id=10016, stack(0x000000001b4d0000,0x000000001b5d0000)]
  0x00000000190c7000 JavaThread "Finalizer" daemon [_thread_blocked, id=7800, stack(0x000000001afd0000,0x000000001b0d0000)]
  0x00000000190c4000 JavaThread "Reference Handler" daemon [_thread_blocked, id=6764, stack(0x000000001aed0000,0x000000001afd0000)]
  0x0000000002642800 JavaThread "main" [_thread_blocked, id=1532, stack(0x0000000002500000,0x0000000002600000)]

Other Threads:
  0x00000000190c2800 VMThread [stack: 0x000000001add0000,0x000000001aed0000] [id=712]
  0x000000001b12f800 WatcherThread [stack: 0x000000001bfd0000,0x000000001c0d0000] [id=3352]

VM state:not at safepoint (normal execution)

VM Mutex/Monitor currently owned by a thread: None

Heap
 PSYoungGen      total 153600K, used 21136K [0x0000000755680000, 0x0000000760180000, 0x0000000800000000)
  eden space 132096K, 16% used [0x0000000755680000,0x0000000756b241f0,0x000000075d780000)
  from space 21504K, 0% used [0x000000075ec80000,0x000000075ec80000,0x0000000760180000)
  to   space 21504K, 0% used [0x000000075d780000,0x000000075d780000,0x000000075ec80000)
 ParOldGen       total 349184K, used 0K [0x0000000600400000, 0x0000000615900000, 0x0000000755680000)
  object space 349184K, 0% used [0x0000000600400000,0x0000000600400000,0x0000000615900000)
 PSPermGen       total 21504K, used 4950K [0x00000005fb200000, 0x00000005fc700000, 0x0000000600400000)
  object space 21504K, 23% used [0x00000005fb200000,0x00000005fb6d5970,0x00000005fc700000)

Card table byte_map: [0x00000000058b0000,0x00000000068e0000] byte_map_base: 0x00000000028d7000

Polling page: 0x0000000000b50000

Code Cache  [0x00000000027f0000, 0x0000000002a60000, 0x00000000057f0000)
 total_blobs=265 nmethods=63 adapters=163 free_code_cache=48384Kb largest_free_block=49442048

Compilation events (10 events):
Event: 0.843 Thread 0x000000001b10b000 nmethod 59 0x0000000002865910 code [0x0000000002865a60, 0x0000000002865bf8]
Event: 0.843 Thread 0x000000001b10b000   60             sun.nio.cs.SingleByte$Encoder::encodeArrayLoop (236 bytes)
Event: 0.844 Thread 0x000000001b10d800 nmethod 58 0x0000000002865310 code [0x0000000002865460, 0x0000000002865738]
Event: 0.844 Thread 0x000000001b10d800   61             java.lang.CharacterData::of (120 bytes)
Event: 0.844 Thread 0x000000001b10d800 nmethod 61 0x0000000002864fd0 code [0x0000000002865120, 0x00000000028651f8]
Event: 0.844 Thread 0x000000001b10d800   62             java.lang.CharacterDataLatin1::getProperties (11 bytes)
Event: 0.845 Thread 0x000000001b10d800 nmethod 62 0x000000000285fc50 code [0x000000000285fd80, 0x000000000285fe18]
Event: 0.845 Thread 0x000000001b10d800   63             java.lang.String::lastIndexOf (151 bytes)
Event: 0.851 Thread 0x000000001b10d800 nmethod 63 0x0000000002868150 code [0x00000000028682a0, 0x0000000002868858]
Event: 0.853 Thread 0x000000001b10b000 nmethod 60 0x0000000002865d10 code [0x0000000002865ec0, 0x0000000002866950]

GC Heap History (0 events):
No events

Deoptimization events (0 events):
No events

Internal exceptions (10 events):
Event: 0.653 Thread 0x0000000002642800 Threw 0x00000007568934a8 at C:\re\jdk7u55\869\hotspot\src\share\vm\prims\jvm.cpp:1244
Event: 0.654 Thread 0x0000000002642800 Threw 0x0000000756899a38 at C:\re\jdk7u55\869\hotspot\src\share\vm\prims\jvm.cpp:1244
Event: 0.654 Thread 0x0000000002642800 Threw 0x00000007568a0060 at C:\re\jdk7u55\869\hotspot\src\share\vm\prims\jvm.cpp:1244
Event: 0.655 Thread 0x0000000002642800 Threw 0x00000007568a5ca8 at C:\re\jdk7u55\869\hotspot\src\share\vm\prims\jvm.cpp:1244
Event: 0.656 Thread 0x0000000002642800 Threw 0x00000007568abd08 at C:\re\jdk7u55\869\hotspot\src\share\vm\prims\jvm.cpp:1244
Event: 0.656 Thread 0x0000000002642800 Threw 0x00000007568b24b0 at C:\re\jdk7u55\869\hotspot\src\share\vm\prims\jvm.cpp:1244
Event: 0.657 Thread 0x0000000002642800 Threw 0x00000007568b80f8 at C:\re\jdk7u55\869\hotspot\src\share\vm\prims\jvm.cpp:1244
Event: 0.659 Thread 0x0000000002642800 Threw 0x00000007568bf540 at C:\re\jdk7u55\869\hotspot\src\share\vm\prims\jvm.cpp:1244
Event: 0.660 Thread 0x0000000002642800 Threw 0x00000007568c63e8 at C:\re\jdk7u55\869\hotspot\src\share\vm\prims\jvm.cpp:1244
Event: 0.661 Thread 0x0000000002642800 Threw 0x00000007568cbf58 at C:\re\jdk7u55\869\hotspot\src\share\vm\prims\jvm.cpp:1244

Events (10 events):
Event: 154.976 Executing VM operation: RedefineClasses
Event: 154.977 Executing VM operation: RedefineClasses done
Event: 154.978 Executing VM operation: EnterInterpOnlyMode
Event: 154.978 Executing VM operation: EnterInterpOnlyMode done
Event: 154.978 Executing VM operation: GetCurrentLocation
Event: 154.978 Executing VM operation: GetCurrentLocation done
Event: 154.978 Executing VM operation: ChangeSingleStep
Event: 154.978 Executing VM operation: ChangeSingleStep done
Event: 154.978 Executing VM operation: ChangeSingleStep
Event: 154.978 Executing VM operation: ChangeSingleStep done


Dynamic libraries:
0x00007ff6c6bf0000 - 0x00007ff6c6c23000 	C:\Program Files\Java\jdk1.7\bin\javaw.exe
0x00007ff84e930000 - 0x00007ff84eadc000 	C:\WINDOWS\SYSTEM32\ntdll.dll
0x00007ff84c7f0000 - 0x00007ff84c92e000 	C:\WINDOWS\system32\KERNEL32.DLL
0x00007ff84be70000 - 0x00007ff84bf85000 	C:\WINDOWS\system32\KERNELBASE.dll
0x00007ff84a600000 - 0x00007ff84a68e000 	C:\WINDOWS\system32\apphelp.dll
0x00007ff827e10000 - 0x00007ff827ff0000 	C:\WINDOWS\AppPatch\AppPatch64\EMET64.dll
0x00007ff84c570000 - 0x00007ff84c61a000 	C:\WINDOWS\system32\msvcrt.dll
0x00007ff84c0e0000 - 0x00007ff84c18a000 	C:\WINDOWS\system32\ADVAPI32.dll
0x00007ff84cd20000 - 0x00007ff84cd79000 	C:\WINDOWS\SYSTEM32\sechost.dll
0x00007ff84bf90000 - 0x00007ff84c0d1000 	C:\WINDOWS\system32\RPCRT4.dll
0x00007ff845220000 - 0x00007ff845273000 	C:\WINDOWS\AppPatch\AppPatch64\AcGenral.DLL
0x00007ff84b900000 - 0x00007ff84b92e000 	C:\WINDOWS\SYSTEM32\SspiCli.dll
0x00007ff84e450000 - 0x00007ff84e4a4000 	C:\WINDOWS\system32\SHLWAPI.dll
0x00007ff84e2d0000 - 0x00007ff84e447000 	C:\WINDOWS\system32\USER32.dll
0x00007ff84c630000 - 0x00007ff84c7c4000 	C:\WINDOWS\system32\ole32.dll
0x00007ff84cda0000 - 0x00007ff84e2b8000 	C:\WINDOWS\system32\SHELL32.dll
0x00007ff84b060000 - 0x00007ff84b081000 	C:\WINDOWS\SYSTEM32\USERENV.dll
0x00007ff839db0000 - 0x00007ff839dce000 	C:\WINDOWS\SYSTEM32\MPR.dll
0x00007ff84e4b0000 - 0x00007ff84e6c1000 	C:\WINDOWS\SYSTEM32\combase.dll
0x00007ff84c930000 - 0x00007ff84ca81000 	C:\WINDOWS\system32\GDI32.dll
0x00007ff84ba60000 - 0x00007ff84ba75000 	C:\WINDOWS\SYSTEM32\profapi.dll
0x00007ff849fb0000 - 0x00007ff84a062000 	C:\WINDOWS\SYSTEM32\SHCORE.dll
0x00007ff84cb50000 - 0x00007ff84cb86000 	C:\WINDOWS\system32\IMM32.DLL
0x00007ff84c410000 - 0x00007ff84c563000 	C:\WINDOWS\system32\MSCTF.dll
0x00007ff849730000 - 0x00007ff8499ab000 	C:\WINDOWS\WinSxS\amd64_microsoft.windows.common-controls_6595b64144ccf1df_6.0.9600.17415_none_6240486fecbd8abb\COMCTL32.dll
0x000000006cb80000 - 0x000000006cc52000 	C:\Program Files\Java\jdk1.7\jre\bin\msvcr100.dll
0x000000006c3b0000 - 0x000000006cb79000 	C:\Program Files\Java\jdk1.7\jre\bin\server\jvm.dll
0x00007ff83fea0000 - 0x00007ff83fea9000 	C:\WINDOWS\SYSTEM32\WSOCK32.dll
0x00007ff847c90000 - 0x00007ff847cb2000 	C:\WINDOWS\SYSTEM32\WINMM.dll
0x00007ff84e2c0000 - 0x00007ff84e2c7000 	C:\WINDOWS\system32\PSAPI.DLL
0x00007ff84c3b0000 - 0x00007ff84c40a000 	C:\WINDOWS\system32\WS2_32.dll
0x00007ff847be0000 - 0x00007ff847c0a000 	C:\WINDOWS\SYSTEM32\WINMMBASE.dll
0x00007ff84c3a0000 - 0x00007ff84c3a9000 	C:\WINDOWS\system32\NSI.dll
0x00007ff84be20000 - 0x00007ff84be6f000 	C:\WINDOWS\SYSTEM32\cfgmgr32.dll
0x00007ff84a850000 - 0x00007ff84a878000 	C:\WINDOWS\SYSTEM32\DEVOBJ.dll
0x000000006c3a0000 - 0x000000006c3af000 	C:\Program Files\Java\jdk1.7\jre\bin\verify.dll
0x000000006c370000 - 0x000000006c398000 	C:\Program Files\Java\jdk1.7\jre\bin\java.dll
0x000000006c330000 - 0x000000006c365000 	C:\Program Files\Java\jdk1.7\jre\bin\jdwp.dll
0x000000006c320000 - 0x000000006c328000 	C:\Program Files\Java\jdk1.7\jre\bin\npt.dll
0x000000006c300000 - 0x000000006c315000 	C:\Program Files\Java\jdk1.7\jre\bin\zip.dll
0x000000006c2f0000 - 0x000000006c2f9000 	C:\Program Files\Java\jdk1.7\jre\bin\dt_socket.dll
0x00007ff846780000 - 0x00007ff84679b000 	C:\WINDOWS\system32\NLAapi.dll
0x00007ff83e260000 - 0x00007ff83e275000 	C:\WINDOWS\system32\napinsp.dll
0x00007ff83e240000 - 0x00007ff83e25a000 	C:\WINDOWS\system32\pnrpnsp.dll
0x00007ff84b2d0000 - 0x00007ff84b329000 	C:\WINDOWS\System32\mswsock.dll
0x00007ff84b0d0000 - 0x00007ff84b174000 	C:\WINDOWS\SYSTEM32\DNSAPI.dll
0x00007ff83e230000 - 0x00007ff83e23d000 	C:\WINDOWS\System32\winrnr.dll
0x000000006dfd0000 - 0x000000006dff6000 	C:\Program Files\Bonjour\mdnsNSP.dll
0x00007ff844ec0000 - 0x00007ff844eea000 	C:\WINDOWS\SYSTEM32\Iphlpapi.DLL
0x00007ff844f60000 - 0x00007ff844f6a000 	C:\WINDOWS\SYSTEM32\WINNSI.DLL
0x00007ff844ac0000 - 0x00007ff844b2b000 	C:\WINDOWS\System32\fwpuclnt.dll
0x00007ff83e010000 - 0x00007ff83e01a000 	C:\Windows\System32\rasadhlp.dll
0x0000000180000000 - 0x0000000180435000 	E:\odysseus\wrapper\dds\.nddshome\lib\x64Win64jdk\nddscore.dll
0x000000006ce50000 - 0x000000006cf19000 	C:\WINDOWS\WinSxS\amd64_microsoft.vc80.crt_1fc8b3b9a1e18e3b_8.0.50727.8428_none_88dcdb0b2fb19957\MSVCR80.dll
0x000000001f190000 - 0x000000001f51e000 	E:\odysseus\wrapper\dds\.nddshome\lib\x64Win64jdk\nddsc.dll
0x000000001da40000 - 0x000000001dacb000 	E:\odysseus\wrapper\dds\.nddshome\lib\x64Win64jdk\nddsjava.dll
0x00007ff837fe0000 - 0x00007ff83816a000 	C:\WINDOWS\SYSTEM32\dbghelp.dll

VM Arguments:
jvm_args: -agentlib:jdwp=transport=dt_socket,suspend=y,address=localhost:64201 -Dfile.encoding=Cp1252 
java_command: de.uniol.inf.is.odysseus.wrapper.dds.idl.Test
Launcher Type: SUN_STANDARD

Environment Variables:
JAVA_HOME=c:\Program Files\Java\jdk1.8.0_05\
PATH=C:\Program Files\Java\jdk1.7\jre\bin;C:/Program Files/Java/jre1.8.0_25/bin/server;C:/Program Files/Java/jre1.8.0_25/bin;C:/Program Files/Java/jre1.8.0_25/lib/amd64;C:\Program Files (x86)\NVIDIA Corporation\PhysX\Common;C:\ProgramData\Oracle\Java\javapath;c:\Program Files\Java\jdk1.8.0_05\\bin;C:\Program Files (x86)\AMD APP\bin\x86_64;C:\Program Files (x86)\AMD APP\bin\x86;C:\Program Files\Common Files\Microsoft Shared\Windows Live;C:\Program Files (x86)\Common Files\Microsoft Shared\Windows Live;C:\Program Files (x86)\MiKTeX 2.8\miktex\bin;C:\WINDOWS\system32;C:\WINDOWS;C:\WINDOWS\System32\Wbem;C:\WINDOWS\System32\WindowsPowerShell\v1.0\;C:\Program Files (x86)\ATI Technologies\ATI.ACE\Core-Static;C:\Program Files (x86)\Windows Live\Shared;C:\Program Files\Java\jdk1.6.0\bin;C:\Program Files\HDF_Group\HDF-JAVA\2.9.0\bin;C:\Program Files (x86)\Git\cmd;C:\Program Files (x86)\Git\bin;C:\Program Files\TortoiseSVN\bin;C:\Program Files (x86)\QuickTime\QTSystem\;C:\Program Files\TortoiseGit\bin;C:\Ruby21-x64\bin;F:\CloudStation\Programme\gradle-2.2.1\bin;C:\Users\Marco Grawunder\Desktop\PhoenixSuit1.0.7\PhoenixSuit\;C:\Users\Marco Grawunder\Programme\eclipse;
USERNAME=Marco Grawunder
OS=Windows_NT
PROCESSOR_IDENTIFIER=AMD64 Family 21 Model 2 Stepping 0, AuthenticAMD



---------------  S Y S T E M  ---------------

OS: Windows 8.1 , 64 bit Build 9600 

CPU:total 8 (8 cores per cpu, 1 threads per core) family 21 model 2 stepping 0, cmov, cx8, fxsr, mmx, sse, sse2, sse3, ssse3, sse4.1, sse4.2, popcnt, avx, aes, mmxext, 3dnowpref, lzcnt, sse4a, tsc, tscinvbit, tscinv

Memory: 4k page, physical 33531180k(29039392k free), swap 33531180k(27764176k free)

vm_info: Java HotSpot(TM) 64-Bit Server VM (24.55-b03) for windows-amd64 JRE (1.7.0_55-b13), built on Mar 17 2014 19:45:30 by "java_re" with unknown MS VC++:1600

time: Wed Dec 17 09:16:30 2014
elapsed time: 154 seconds

